-------------------------------------------------------------------------------
Test set: com.diego.shared.IdUuidTest
-------------------------------------------------------------------------------
Tests run: 3, Failures: 1, Errors: 0, Skipped: 0, Time elapsed: 0.098 s <<< FAILURE! -- in com.diego.shared.IdUuidTest
com.diego.shared.IdUuidTest.deveLancarErroAoTentarCriarIdNuloVazioOuInvalido -- Time elapsed: 0.009 s <<< FAILURE!
org.opentest4j.AssertionFailedError: Unexpected exception type thrown, expected: <java.lang.IllegalArgumentException> but was: <java.lang.NullPointerException>
	at org.junit.jupiter.api.AssertionFailureBuilder.build(AssertionFailureBuilder.java:158)
	at org.junit.jupiter.api.AssertThrows.assertThrows(AssertThrows.java:68)
	at org.junit.jupiter.api.AssertThrows.assertThrows(AssertThrows.java:35)
	at org.junit.jupiter.api.Assertions.assertThrows(Assertions.java:3223)
	at com.diego.shared.IdUuidTest.deveLancarErroAoTentarCriarIdNuloVazioOuInvalido(IdUuidTest.java:26)
Caused by: java.lang.NullPointerException: Cannot invoke "String.trim()" because "value" is null
	at com.diego.shared.IdUuid.<init>(IdUuid.java:11)
	at com.diego.shared.IdUuidTest.lambda$deveLancarErroAoTentarCriarIdNuloVazioOuInvalido$0(IdUuidTest.java:26)
	at org.junit.jupiter.api.AssertThrows.assertThrows(AssertThrows.java:54)
	... 3 more

