-------------------------------------------------------------------------------
Test set: com.diego.shared.NameTest
-------------------------------------------------------------------------------
Tests run: 3, Failures: 2, Errors: 1, Skipped: 0, Time elapsed: 0.035 s <<< FAILURE! -- in com.diego.shared.NameTest
com.diego.shared.NameTest.deveRetornarErroAoBuscarSobrenomeQuandoNaoExiste -- Time elapsed: 0.020 s <<< FAILURE!
org.opentest4j.AssertionFailedError: Unexpected exception type thrown, expected: <java.lang.IllegalArgumentException> but was: <java.lang.NullPointerException>
	at org.junit.jupiter.api.AssertionFailureBuilder.build(AssertionFailureBuilder.java:158)
	at org.junit.jupiter.api.AssertThrows.assertThrows(AssertThrows.java:68)
	at org.junit.jupiter.api.AssertThrows.assertThrows(AssertThrows.java:35)
	at org.junit.jupiter.api.Assertions.assertThrows(Assertions.java:3223)
	at com.diego.shared.NameTest.deveRetornarErroAoBuscarSobrenomeQuandoNaoExiste(NameTest.java:27)
Caused by: java.lang.NullPointerException: Cannot invoke "String.trim()" because "this.value" is null
	at com.diego.shared.Name.lastName(Name.java:41)
	at com.diego.shared.Name.<init>(Name.java:26)
	at com.diego.shared.NameTest.lambda$4(NameTest.java:27)
	at org.junit.jupiter.api.AssertThrows.assertThrows(AssertThrows.java:54)
	... 3 more

com.diego.shared.NameTest.deveLancarErrosAoCriarNomeInvalido -- Time elapsed: 0.003 s <<< FAILURE!
org.opentest4j.AssertionFailedError: Unexpected exception type thrown, expected: <java.lang.IllegalArgumentException> but was: <java.lang.NullPointerException>
	at org.junit.jupiter.api.AssertionFailureBuilder.build(AssertionFailureBuilder.java:158)
	at org.junit.jupiter.api.AssertThrows.assertThrows(AssertThrows.java:68)
	at org.junit.jupiter.api.AssertThrows.assertThrows(AssertThrows.java:35)
	at org.junit.jupiter.api.Assertions.assertThrows(Assertions.java:3223)
	at com.diego.shared.NameTest.deveLancarErrosAoCriarNomeInvalido(NameTest.java:20)
Caused by: java.lang.NullPointerException: Cannot invoke "String.trim()" because "this.value" is null
	at com.diego.shared.Name.lastName(Name.java:41)
	at com.diego.shared.Name.<init>(Name.java:26)
	at com.diego.shared.NameTest.lambda$1(NameTest.java:20)
	at org.junit.jupiter.api.AssertThrows.assertThrows(AssertThrows.java:54)
	... 3 more

com.diego.shared.NameTest.deveCriarUmNomeValido -- Time elapsed: 0.002 s <<< ERROR!
java.lang.NullPointerException: Cannot invoke "String.trim()" because "this.value" is null
	at com.diego.shared.Name.lastName(Name.java:41)
	at com.diego.shared.Name.<init>(Name.java:26)
	at com.diego.shared.NameTest.deveCriarUmNomeValido(NameTest.java:11)

